<?xml version="1.0" encoding="UTF-8"?>
<!-- Generated by org.testng.reporters.JUnitXMLReporter -->
<testsuite hostname="LAPTOP-0EJGS7M7" ignored="0" name="Default test" tests="3" failures="0" timestamp="09 Jun 2023 15:30:37 GMT" time="3.853" errors="0">
  <testcase name="userShouldBeAbleToAddNewCatagoryItem" time="0.388" classname="test.AddCategotyTest"/>
  <testcase name="userShouldBeAbleToValidateTheMonths" time="0.385" classname="test.AddCategotyTest"/>
  <testcase name="duplicateCatagoryInsertion" time="0.622" classname="test.AddCategotyTest"/>
</testsuite> <!-- Default test -->
