<?xml version="1.0" encoding="UTF-8"?>
<testng-results skipped="0" failed="0" ignored="0" total="3" passed="3">
  <reporter-output>
  </reporter-output>
  <suite name="Default suite" duration-ms="3853" started-at="2023-06-09T15:30:33Z" finished-at="2023-06-09T15:30:37Z">
    <groups>
    </groups>
    <test name="Default test" duration-ms="3853" started-at="2023-06-09T15:30:33Z" finished-at="2023-06-09T15:30:37Z">
      <class name="test.AddCategotyTest">
        <test-method status="PASS" signature="init()[pri:0, instance:test.AddCategotyTest@794cb805]" name="init" is-config="true" duration-ms="2433" started-at="2023-06-09T15:30:33Z" finished-at="2023-06-09T15:30:35Z">
          <reporter-output>
          </reporter-output>
        </test-method> <!-- init -->
        <test-method status="PASS" signature="userShouldBeAbleToAddNewCatagoryItem()[pri:1, instance:test.AddCategotyTest@794cb805]" name="userShouldBeAbleToAddNewCatagoryItem" duration-ms="388" started-at="2023-06-09T15:30:35Z" finished-at="2023-06-09T15:30:36Z">
          <reporter-output>
          </reporter-output>
        </test-method> <!-- userShouldBeAbleToAddNewCatagoryItem -->
        <test-method status="PASS" signature="userShouldBeAbleToValidateTheMonths()[pri:2, instance:test.AddCategotyTest@794cb805]" name="userShouldBeAbleToValidateTheMonths" duration-ms="385" started-at="2023-06-09T15:30:36Z" finished-at="2023-06-09T15:30:36Z">
          <reporter-output>
          </reporter-output>
        </test-method> <!-- userShouldBeAbleToValidateTheMonths -->
        <test-method status="PASS" signature="duplicateCatagoryInsertion()[pri:3, instance:test.AddCategotyTest@794cb805]" name="duplicateCatagoryInsertion" duration-ms="622" started-at="2023-06-09T15:30:36Z" finished-at="2023-06-09T15:30:37Z">
          <reporter-output>
          </reporter-output>
        </test-method> <!-- duplicateCatagoryInsertion -->
        <test-method status="PASS" signature="tearDown()[pri:0, instance:test.AddCategotyTest@794cb805]" name="tearDown" is-config="true" duration-ms="695" started-at="2023-06-09T15:30:37Z" finished-at="2023-06-09T15:30:38Z">
          <reporter-output>
          </reporter-output>
        </test-method> <!-- tearDown -->
      </class> <!-- test.AddCategotyTest -->
    </test> <!-- Default test -->
  </suite> <!-- Default suite -->
</testng-results>
